<?xml version="1.0" encoding="UTF-8"?>
<testsuites name="Testsuite 01" time="11.145" tests="1" failures="0" errors="0">
   <testsuite name="Testsuite 01" tests="1" failures="0" errors="0" time="11.145" skipped="0" timestamp="07-06-2024T15:17:59" hostname="17520 - MSI" id="Test Suites/Testsuite 01">
      <properties>
         <property name="deviceName" value=""/>
         <property name="devicePlatform" value=""/>
         <property name="logFolder" value="E:\\Automation_Testing\\katalon\\Katalon-new-cert\\Reports\\20240607_151749\\Testsuite 01\\20240607_151749"/>
         <property name="logFiles" value="E:\\Automation_Testing\\katalon\\Katalon-new-cert\\Reports\\20240607_151749\\Testsuite 01\\20240607_151749\\execution0.log"/>
         <property name="attachments" value=""/>
         <property name="hostName" value="17520 - MSI"/>
         <property name="os" value="Windows 11 64bit"/>
         <property name="katalonVersion" value="9.4.0.212"/>
         <property name="browser" value="Chrome 125.0.0.0"/>
         <property name="hostAddress" value="192.168.102.54"/>
         <property name="sessionId" value="7023b013dfb8e06c5a9c8128c316f088"/>
         <property name="seleniumVersion" value="3.141.59"/>
         <property name="proxyInformation" value="ProxyInformation { proxyOption=NO_PROXY, proxyServerType=HTTP, username=, password=********, proxyServerAddress=, proxyServerPort=0, executionList=&quot;&quot;, isApplyToDesiredCapabilities=true }"/>
         <property name="platform" value="Windows 11"/>
      </properties>
      <testcase name="Test Cases/WEB/TC01 - Load Page" time="10.887" classname="Test Cases/WEB/TC01 - Load Page" status="PASSED">
         <system-out><![CDATA[07-06-2024T15:17:59 - [TEST_CASE][PASSED] - Test Cases/WEB/TC01 - Load Page: Test Cases/WEB/TC01 - Load Page

07-06-2024T15:17:59 - [TEST_STEP][PASSED] - openBrowser(""): Browser is opened with url: ''

07-06-2024T15:18:00 - [MESSAGE][INFO] - Starting 'Chrome' driver

07-06-2024T15:18:00 - [MESSAGE][INFO] - Action delay is set to 0 milliseconds

07-06-2024T15:18:06 - [MESSAGE][PASSED] - Browser is opened with url: ''

07-06-2024T15:18:06 - [TEST_STEP][PASSED] - navigateToUrl("https://katalon-demo-cura.herokuapp.com/"): Navigate to 'https://katalon-demo-cura.herokuapp.com/' successfully

07-06-2024T15:18:09 - [MESSAGE][PASSED] - Navigate to 'https://katalon-demo-cura.herokuapp.com/' successfully

07-06-2024T15:18:09 - [TEST_STEP][PASSED] - click(findTestObject("Object Repository/Page_CURA Healthcare Service/h3_We Care About Your Health")): Object: 'Object Repository/Page_CURA Healthcare Service/h3_We Care About Your Health' is clicked on

07-06-2024T15:18:09 - [MESSAGE][PASSED] - Object: 'Object Repository/Page_CURA Healthcare Service/h3_We Care About Your Health' is clicked on

07-06-2024T15:18:09 - [TEST_STEP][PASSED] - closeBrowser(): Browser is closed

07-06-2024T15:18:10 - [MESSAGE][PASSED] - Browser is closed]]></system-out>
         <system-err><![CDATA[]]></system-err>
      </testcase>
      <system-out><![CDATA[07-06-2024T15:17:59 - [TEST_SUITE][PASSED] - Testsuite 01: Test Cases/WEB/TC01 - Load Page]]></system-out>
      <system-err><![CDATA[]]></system-err>
   </testsuite>
</testsuites>
